Determining if the pthread_create exist failed with the following output:
Change Dir: /home/engineer/Desktop/openGLMiniGame/build/CMakeFiles/CMakeTmp

Run Build Command:"/usr/bin/make" "cmTC_1c768/fast"
/usr/bin/make -f CMakeFiles/cmTC_1c768.dir/build.make CMakeFiles/cmTC_1c768.dir/build
make[1]: Entering directory '/home/engineer/Desktop/openGLMiniGame/build/CMakeFiles/CMakeTmp'
Building C object CMakeFiles/cmTC_1c768.dir/CheckSymbolExists.c.o
/usr/bin/x86_64-linux-gnu-gcc-7    -o CMakeFiles/cmTC_1c768.dir/CheckSymbolExists.c.o   -c /home/engineer/Desktop/openGLMiniGame/build/CMakeFiles/CMakeTmp/CheckSymbolExists.c
Linking C executable cmTC_1c768
/usr/local/bin/cmake -E cmake_link_script CMakeFiles/cmTC_1c768.dir/link.txt --verbose=1
/usr/bin/x86_64-linux-gnu-gcc-7      -rdynamic CMakeFiles/cmTC_1c768.dir/CheckSymbolExists.c.o  -o cmTC_1c768 
CMakeFiles/cmTC_1c768.dir/CheckSymbolExists.c.o: In function `main':
CheckSymbolExists.c:(.text+0x1b): undefined reference to `pthread_create'
collect2: error: ld returned 1 exit status
CMakeFiles/cmTC_1c768.dir/build.make:86: recipe for target 'cmTC_1c768' failed
make[1]: *** [cmTC_1c768] Error 1
make[1]: Leaving directory '/home/engineer/Desktop/openGLMiniGame/build/CMakeFiles/CMakeTmp'
Makefile:121: recipe for target 'cmTC_1c768/fast' failed
make: *** [cmTC_1c768/fast] Error 2

File /home/engineer/Desktop/openGLMiniGame/build/CMakeFiles/CMakeTmp/CheckSymbolExists.c:
/* */
#include <pthread.h>

int main(int argc, char** argv)
{
  (void)argv;
#ifndef pthread_create
  return ((int*)(&pthread_create))[argc];
#else
  (void)argc;
  return 0;
#endif
}

Determining if the function pthread_create exists in the pthreads failed with the following output:
Change Dir: /home/engineer/Desktop/openGLMiniGame/build/CMakeFiles/CMakeTmp

Run Build Command:"/usr/bin/make" "cmTC_5b259/fast"
/usr/bin/make -f CMakeFiles/cmTC_5b259.dir/build.make CMakeFiles/cmTC_5b259.dir/build
make[1]: Entering directory '/home/engineer/Desktop/openGLMiniGame/build/CMakeFiles/CMakeTmp'
Building C object CMakeFiles/cmTC_5b259.dir/CheckFunctionExists.c.o
/usr/bin/x86_64-linux-gnu-gcc-7   -DCHECK_FUNCTION_EXISTS=pthread_create   -o CMakeFiles/cmTC_5b259.dir/CheckFunctionExists.c.o   -c /usr/local/share/cmake-3.12/Modules/CheckFunctionExists.c
Linking C executable cmTC_5b259
/usr/local/bin/cmake -E cmake_link_script CMakeFiles/cmTC_5b259.dir/link.txt --verbose=1
/usr/bin/x86_64-linux-gnu-gcc-7  -DCHECK_FUNCTION_EXISTS=pthread_create    -rdynamic CMakeFiles/cmTC_5b259.dir/CheckFunctionExists.c.o  -o cmTC_5b259 -lpthreads 
/usr/bin/ld: cannot find -lpthreads
collect2: error: ld returned 1 exit status
CMakeFiles/cmTC_5b259.dir/build.make:86: recipe for target 'cmTC_5b259' failed
make[1]: *** [cmTC_5b259] Error 1
make[1]: Leaving directory '/home/engineer/Desktop/openGLMiniGame/build/CMakeFiles/CMakeTmp'
Makefile:121: recipe for target 'cmTC_5b259/fast' failed
make: *** [cmTC_5b259/fast] Error 2


